{
  "RSpec": {
    "coverage": {
      "/Users/quinnordmark/Desktop/Turing/3mod/4week/chicken-tracker-backend/app/controllers/application_controller.rb": {
        "lines": [
          0,
          0
        ],
        "branches": {
        }
      },
      "/Users/quinnordmark/Desktop/Turing/3mod/4week/chicken-tracker-backend/app/models/application_record.rb": {
        "lines": [
          0,
          0,
          0
        ],
        "branches": {
        }
      }
    },
    "timestamp": 1708453950
  }
}
